[2014-05-31 15:21:55] START
[2014-05-31 15:21:55] EDIT OuvidoriaUfba/models/menu.py: 0
[2014-05-31 15:23:38] EDIT OuvidoriaUfba/models/menu.py: 0
[2014-05-31 15:40:38] EDIT OuvidoriaUfba/views/default/db_sigeo_manage.html: 0
[2014-06-01 21:05:47] EDIT OuvidoriaUfba/models/0.py: 0
[2014-06-01 21:08:20] EDIT OuvidoriaUfba/views/default/error.html: 0
[2014-06-01 21:14:20] EDIT OuvidoriaUfba/models/menu.py: 2
[2014-06-01 21:17:51] EDIT OuvidoriaUfba/views/default/user.html: 0
[2014-06-01 21:19:18] EDIT OuvidoriaUfba/models/menu.py: -2
[2014-06-08 14:13:48] EDIT OuvidoriaUfba/models/db_wizard.py: 0
[2014-06-08 15:37:42] EDIT OuvidoriaUfba/models/db_wizard.py: 0
[2014-06-08 15:37:56] EDIT OuvidoriaUfba/models/db_wizard.py: 0
[2014-07-15 09:56:17] EDIT OuvidoriaUfba/models/db_wizard.py: 1
[2014-07-15 09:57:36] EDIT OuvidoriaUfba/models/db_wizard.py: 0
[2014-07-15 09:57:55] EDIT OuvidoriaUfba/models/db_wizard.py: 0
[2014-07-15 10:01:49] EDIT OuvidoriaUfba/models/db_wizard.py: -1
[2014-07-15 10:05:34] EDIT OuvidoriaUfba/models/db_wizard.py: 0
[2014-07-15 10:05:51] EDIT OuvidoriaUfba/models/db_wizard.py: 1
[2014-07-15 10:27:24] EDIT OuvidoriaUfba/models/db_wizard.py: 0
[2014-07-15 10:30:36] EDIT OuvidoriaUfba/models/menu.py: 0
[2014-07-15 10:32:48] EDIT OuvidoriaUfba/models/menu.py: -1
[2014-07-15 10:41:37] EDIT OuvidoriaUfba/models/db_wizard.py: 0
[2014-07-15 10:42:01] EDIT OuvidoriaUfba/models/db_wizard.py: 0
[2014-07-15 10:48:15] EDIT OuvidoriaUfba/models/db_wizard.py: 4
[2014-07-15 10:53:21] EDIT OuvidoriaUfba/models/0.py: 3
[2014-07-15 10:58:02] EDIT OuvidoriaUfba/models/db_wizard.py: 3
[2014-07-15 11:00:26] EDIT OuvidoriaUfba/models/db_wizard.py: 0
[2014-07-15 11:02:04] EDIT OuvidoriaUfba/models/db_wizard.py: 0
[2014-07-15 11:14:36] CREATE default/contact.html: 0
[2014-07-15 11:17:40] EDIT OuvidoriaUfba/models/menu.py: 1
[2014-07-15 11:21:45] EDIT OuvidoriaUfba/views/default/contact.html: 0
[2014-07-15 11:21:59] EDIT OuvidoriaUfba/views/default/contact.html: 0
[2014-07-15 11:24:01] EDIT OuvidoriaUfba/controllers/default.py: 2
[2014-07-15 11:24:41] EDIT OuvidoriaUfba/controllers/default.py: 0
